

Started GET "/assets/rails.png" for 127.0.0.1 at 2014-10-23 15:08:14 +0530
Connecting to database specified by database.yml
Served asset /rails.png - 200 OK (48ms)


Started GET "/rails/info/properties" for 127.0.0.1 at 2014-10-23 15:08:56 +0530
Processing by Rails::InfoController#properties as HTML
  Rendered inline template (39.0ms)
Completed 200 OK in 110.0ms (Views: 110.0ms | ActiveRecord: 0.0ms)
Connecting to database specified by database.yml
Connecting to database specified by database.yml
  [1m[36m (0.0ms)[0m  [1mselect sqlite_version(*)[0m
  [1m[35m (5.0ms)[0m  CREATE TABLE "schema_migrations" ("version" varchar(255) NOT NULL) 
  [1m[36m (7.0ms)[0m  [1mCREATE UNIQUE INDEX "unique_schema_migrations" ON "schema_migrations" ("version")[0m
  [1m[35m (0.0ms)[0m  SELECT "schema_migrations"."version" FROM "schema_migrations" 
Migrating to CreateArticles (20141023094017)
  [1m[36m (0.0ms)[0m  [1mbegin transaction[0m
  [1m[35m (0.0ms)[0m  rollback transaction
Connecting to database specified by database.yml
  [1m[36m (0.0ms)[0m  [1mSELECT "schema_migrations"."version" FROM "schema_migrations" [0m
Migrating to CreateArticles (20141023094017)
  [1m[35m (0.0ms)[0m  select sqlite_version(*)
  [1m[36m (0.0ms)[0m  [1mbegin transaction[0m
  [1m[35m (1.0ms)[0m  CREATE TABLE "articles" ("id" INTEGER PRIMARY KEY AUTOINCREMENT NOT NULL, "title" varchar(255), "body" text, "created_at" datetime NOT NULL, "updated_at" datetime NOT NULL) 
  [1m[36m (0.0ms)[0m  [1mINSERT INTO "schema_migrations" ("version") VALUES ('20141023094017')[0m
  [1m[35m (3.0ms)[0m  commit transaction
  [1m[36m (0.0ms)[0m  [1mSELECT "schema_migrations"."version" FROM "schema_migrations" [0m
Connecting to database specified by database.yml
Connecting to database specified by database.yml
Connecting to database specified by database.yml


Started GET "/assets/rails.png" for 127.0.0.1 at 2014-10-23 16:01:52 +0530
Served asset /rails.png - 200 OK (0ms)


Started GET "/Articles" for 127.0.0.1 at 2014-10-23 16:02:03 +0530

ActionController::RoutingError (No route matches [GET] "/Articles"):
  actionpack (3.2.19) lib/action_dispatch/middleware/debug_exceptions.rb:21:in `call'
  actionpack (3.2.19) lib/action_dispatch/middleware/show_exceptions.rb:56:in `call'
  railties (3.2.19) lib/rails/rack/logger.rb:32:in `call_app'
  railties (3.2.19) lib/rails/rack/logger.rb:16:in `block in call'
  activesupport (3.2.19) lib/active_support/tagged_logging.rb:22:in `tagged'
  railties (3.2.19) lib/rails/rack/logger.rb:16:in `call'
  actionpack (3.2.19) lib/action_dispatch/middleware/request_id.rb:22:in `call'
  rack (1.4.5) lib/rack/methodoverride.rb:21:in `call'
  rack (1.4.5) lib/rack/runtime.rb:17:in `call'
  activesupport (3.2.19) lib/active_support/cache/strategy/local_cache.rb:72:in `call'
  rack (1.4.5) lib/rack/lock.rb:15:in `call'
  actionpack (3.2.19) lib/action_dispatch/middleware/static.rb:63:in `call'
  railties (3.2.19) lib/rails/engine.rb:484:in `call'
  railties (3.2.19) lib/rails/application.rb:231:in `call'
  rack (1.4.5) lib/rack/content_length.rb:14:in `call'
  railties (3.2.19) lib/rails/rack/log_tailer.rb:17:in `call'
  rack (1.4.5) lib/rack/handler/webrick.rb:59:in `service'
  C:/RailsInstaller/Ruby1.9.3/lib/ruby/1.9.1/webrick/httpserver.rb:138:in `service'
  C:/RailsInstaller/Ruby1.9.3/lib/ruby/1.9.1/webrick/httpserver.rb:94:in `run'
  C:/RailsInstaller/Ruby1.9.3/lib/ruby/1.9.1/webrick/server.rb:191:in `block in start_thread'


  Rendered C:/RailsInstaller/Ruby1.9.3/lib/ruby/gems/1.9.1/gems/actionpack-3.2.19/lib/action_dispatch/middleware/templates/rescues/routing_error.erb within rescues/layout (1.0ms)


Started GET "/Articles" for 127.0.0.1 at 2014-10-23 16:04:08 +0530
Connecting to database specified by database.yml

ActionController::RoutingError (No route matches [GET] "/Articles"):
  actionpack (3.2.19) lib/action_dispatch/middleware/debug_exceptions.rb:21:in `call'
  actionpack (3.2.19) lib/action_dispatch/middleware/show_exceptions.rb:56:in `call'
  railties (3.2.19) lib/rails/rack/logger.rb:32:in `call_app'
  railties (3.2.19) lib/rails/rack/logger.rb:16:in `block in call'
  activesupport (3.2.19) lib/active_support/tagged_logging.rb:22:in `tagged'
  railties (3.2.19) lib/rails/rack/logger.rb:16:in `call'
  actionpack (3.2.19) lib/action_dispatch/middleware/request_id.rb:22:in `call'
  rack (1.4.5) lib/rack/methodoverride.rb:21:in `call'
  rack (1.4.5) lib/rack/runtime.rb:17:in `call'
  activesupport (3.2.19) lib/active_support/cache/strategy/local_cache.rb:72:in `call'
  rack (1.4.5) lib/rack/lock.rb:15:in `call'
  actionpack (3.2.19) lib/action_dispatch/middleware/static.rb:63:in `call'
  railties (3.2.19) lib/rails/engine.rb:484:in `call'
  railties (3.2.19) lib/rails/application.rb:231:in `call'
  rack (1.4.5) lib/rack/content_length.rb:14:in `call'
  railties (3.2.19) lib/rails/rack/log_tailer.rb:17:in `call'
  rack (1.4.5) lib/rack/handler/webrick.rb:59:in `service'
  C:/RailsInstaller/Ruby1.9.3/lib/ruby/1.9.1/webrick/httpserver.rb:138:in `service'
  C:/RailsInstaller/Ruby1.9.3/lib/ruby/1.9.1/webrick/httpserver.rb:94:in `run'
  C:/RailsInstaller/Ruby1.9.3/lib/ruby/1.9.1/webrick/server.rb:191:in `block in start_thread'


  Rendered C:/RailsInstaller/Ruby1.9.3/lib/ruby/gems/1.9.1/gems/actionpack-3.2.19/lib/action_dispatch/middleware/templates/rescues/routing_error.erb within rescues/layout (3.0ms)


Started GET "/articles" for 127.0.0.1 at 2014-10-23 16:04:28 +0530

ActionController::RoutingError (uninitialized constant ArticlesController):
  activesupport (3.2.19) lib/active_support/inflector/methods.rb:230:in `block in constantize'
  activesupport (3.2.19) lib/active_support/inflector/methods.rb:229:in `each'
  activesupport (3.2.19) lib/active_support/inflector/methods.rb:229:in `constantize'
  actionpack (3.2.19) lib/action_dispatch/routing/route_set.rb:69:in `controller_reference'
  actionpack (3.2.19) lib/action_dispatch/routing/route_set.rb:54:in `controller'
  actionpack (3.2.19) lib/action_dispatch/routing/route_set.rb:32:in `call'
  journey (1.0.4) lib/journey/router.rb:68:in `block in call'
  journey (1.0.4) lib/journey/router.rb:56:in `each'
  journey (1.0.4) lib/journey/router.rb:56:in `call'
  actionpack (3.2.19) lib/action_dispatch/routing/route_set.rb:608:in `call'
  actionpack (3.2.19) lib/action_dispatch/middleware/best_standards_support.rb:17:in `call'
  rack (1.4.5) lib/rack/etag.rb:23:in `call'
  rack (1.4.5) lib/rack/conditionalget.rb:25:in `call'
  actionpack (3.2.19) lib/action_dispatch/middleware/head.rb:14:in `call'
  actionpack (3.2.19) lib/action_dispatch/middleware/params_parser.rb:21:in `call'
  actionpack (3.2.19) lib/action_dispatch/middleware/flash.rb:242:in `call'
  rack (1.4.5) lib/rack/session/abstract/id.rb:210:in `context'
  rack (1.4.5) lib/rack/session/abstract/id.rb:205:in `call'
  actionpack (3.2.19) lib/action_dispatch/middleware/cookies.rb:341:in `call'
  activerecord (3.2.19) lib/active_record/query_cache.rb:64:in `call'
  activerecord (3.2.19) lib/active_record/connection_adapters/abstract/connection_pool.rb:479:in `call'
  actionpack (3.2.19) lib/action_dispatch/middleware/callbacks.rb:28:in `block in call'
  activesupport (3.2.19) lib/active_support/callbacks.rb:405:in `_run__136067030__call__1020680333__callbacks'
  activesupport (3.2.19) lib/active_support/callbacks.rb:405:in `__run_callback'
  activesupport (3.2.19) lib/active_support/callbacks.rb:385:in `_run_call_callbacks'
  activesupport (3.2.19) lib/active_support/callbacks.rb:81:in `run_callbacks'
  actionpack (3.2.19) lib/action_dispatch/middleware/callbacks.rb:27:in `call'
  actionpack (3.2.19) lib/action_dispatch/middleware/reloader.rb:65:in `call'
  actionpack (3.2.19) lib/action_dispatch/middleware/remote_ip.rb:31:in `call'
  actionpack (3.2.19) lib/action_dispatch/middleware/debug_exceptions.rb:16:in `call'
  actionpack (3.2.19) lib/action_dispatch/middleware/show_exceptions.rb:56:in `call'
  railties (3.2.19) lib/rails/rack/logger.rb:32:in `call_app'
  railties (3.2.19) lib/rails/rack/logger.rb:16:in `block in call'
  activesupport (3.2.19) lib/active_support/tagged_logging.rb:22:in `tagged'
  railties (3.2.19) lib/rails/rack/logger.rb:16:in `call'
  actionpack (3.2.19) lib/action_dispatch/middleware/request_id.rb:22:in `call'
  rack (1.4.5) lib/rack/methodoverride.rb:21:in `call'
  rack (1.4.5) lib/rack/runtime.rb:17:in `call'
  activesupport (3.2.19) lib/active_support/cache/strategy/local_cache.rb:72:in `call'
  rack (1.4.5) lib/rack/lock.rb:15:in `call'
  actionpack (3.2.19) lib/action_dispatch/middleware/static.rb:63:in `call'
  railties (3.2.19) lib/rails/engine.rb:484:in `call'
  railties (3.2.19) lib/rails/application.rb:231:in `call'
  rack (1.4.5) lib/rack/content_length.rb:14:in `call'
  railties (3.2.19) lib/rails/rack/log_tailer.rb:17:in `call'
  rack (1.4.5) lib/rack/handler/webrick.rb:59:in `service'
  C:/RailsInstaller/Ruby1.9.3/lib/ruby/1.9.1/webrick/httpserver.rb:138:in `service'
  C:/RailsInstaller/Ruby1.9.3/lib/ruby/1.9.1/webrick/httpserver.rb:94:in `run'
  C:/RailsInstaller/Ruby1.9.3/lib/ruby/1.9.1/webrick/server.rb:191:in `block in start_thread'


  Rendered C:/RailsInstaller/Ruby1.9.3/lib/ruby/gems/1.9.1/gems/actionpack-3.2.19/lib/action_dispatch/middleware/templates/rescues/routing_error.erb within rescues/layout (0.0ms)


Started GET "/articles/new" for 127.0.0.1 at 2014-10-23 16:04:48 +0530

ActionController::RoutingError (uninitialized constant ArticlesController):
  activesupport (3.2.19) lib/active_support/inflector/methods.rb:230:in `block in constantize'
  activesupport (3.2.19) lib/active_support/inflector/methods.rb:229:in `each'
  activesupport (3.2.19) lib/active_support/inflector/methods.rb:229:in `constantize'
  actionpack (3.2.19) lib/action_dispatch/routing/route_set.rb:69:in `controller_reference'
  actionpack (3.2.19) lib/action_dispatch/routing/route_set.rb:54:in `controller'
  actionpack (3.2.19) lib/action_dispatch/routing/route_set.rb:32:in `call'
  journey (1.0.4) lib/journey/router.rb:68:in `block in call'
  journey (1.0.4) lib/journey/router.rb:56:in `each'
  journey (1.0.4) lib/journey/router.rb:56:in `call'
  actionpack (3.2.19) lib/action_dispatch/routing/route_set.rb:608:in `call'
  actionpack (3.2.19) lib/action_dispatch/middleware/best_standards_support.rb:17:in `call'
  rack (1.4.5) lib/rack/etag.rb:23:in `call'
  rack (1.4.5) lib/rack/conditionalget.rb:25:in `call'
  actionpack (3.2.19) lib/action_dispatch/middleware/head.rb:14:in `call'
  actionpack (3.2.19) lib/action_dispatch/middleware/params_parser.rb:21:in `call'
  actionpack (3.2.19) lib/action_dispatch/middleware/flash.rb:242:in `call'
  rack (1.4.5) lib/rack/session/abstract/id.rb:210:in `context'
  rack (1.4.5) lib/rack/session/abstract/id.rb:205:in `call'
  actionpack (3.2.19) lib/action_dispatch/middleware/cookies.rb:341:in `call'
  activerecord (3.2.19) lib/active_record/query_cache.rb:64:in `call'
  activerecord (3.2.19) lib/active_record/connection_adapters/abstract/connection_pool.rb:479:in `call'
  actionpack (3.2.19) lib/action_dispatch/middleware/callbacks.rb:28:in `block in call'
  activesupport (3.2.19) lib/active_support/callbacks.rb:405:in `_run__136067030__call__1020680333__callbacks'
  activesupport (3.2.19) lib/active_support/callbacks.rb:405:in `__run_callback'
  activesupport (3.2.19) lib/active_support/callbacks.rb:385:in `_run_call_callbacks'
  activesupport (3.2.19) lib/active_support/callbacks.rb:81:in `run_callbacks'
  actionpack (3.2.19) lib/action_dispatch/middleware/callbacks.rb:27:in `call'
  actionpack (3.2.19) lib/action_dispatch/middleware/reloader.rb:65:in `call'
  actionpack (3.2.19) lib/action_dispatch/middleware/remote_ip.rb:31:in `call'
  actionpack (3.2.19) lib/action_dispatch/middleware/debug_exceptions.rb:16:in `call'
  actionpack (3.2.19) lib/action_dispatch/middleware/show_exceptions.rb:56:in `call'
  railties (3.2.19) lib/rails/rack/logger.rb:32:in `call_app'
  railties (3.2.19) lib/rails/rack/logger.rb:16:in `block in call'
  activesupport (3.2.19) lib/active_support/tagged_logging.rb:22:in `tagged'
  railties (3.2.19) lib/rails/rack/logger.rb:16:in `call'
  actionpack (3.2.19) lib/action_dispatch/middleware/request_id.rb:22:in `call'
  rack (1.4.5) lib/rack/methodoverride.rb:21:in `call'
  rack (1.4.5) lib/rack/runtime.rb:17:in `call'
  activesupport (3.2.19) lib/active_support/cache/strategy/local_cache.rb:72:in `call'
  rack (1.4.5) lib/rack/lock.rb:15:in `call'
  actionpack (3.2.19) lib/action_dispatch/middleware/static.rb:63:in `call'
  railties (3.2.19) lib/rails/engine.rb:484:in `call'
  railties (3.2.19) lib/rails/application.rb:231:in `call'
  rack (1.4.5) lib/rack/content_length.rb:14:in `call'
  railties (3.2.19) lib/rails/rack/log_tailer.rb:17:in `call'
  rack (1.4.5) lib/rack/handler/webrick.rb:59:in `service'
  C:/RailsInstaller/Ruby1.9.3/lib/ruby/1.9.1/webrick/httpserver.rb:138:in `service'
  C:/RailsInstaller/Ruby1.9.3/lib/ruby/1.9.1/webrick/httpserver.rb:94:in `run'
  C:/RailsInstaller/Ruby1.9.3/lib/ruby/1.9.1/webrick/server.rb:191:in `block in start_thread'


  Rendered C:/RailsInstaller/Ruby1.9.3/lib/ruby/gems/1.9.1/gems/actionpack-3.2.19/lib/action_dispatch/middleware/templates/rescues/routing_error.erb within rescues/layout (0.0ms)
Connecting to database specified by database.yml


Started GET "/articles/new" for 127.0.0.1 at 2014-10-23 16:28:33 +0530

SyntaxError (C:/myRuby/blogger/app/controllers/articles_controller.rb:4: syntax error, unexpected $end, expecting keyword_end):
  activesupport (3.2.19) lib/active_support/dependencies.rb:469:in `load'
  activesupport (3.2.19) lib/active_support/dependencies.rb:469:in `block in load_file'
  activesupport (3.2.19) lib/active_support/dependencies.rb:639:in `new_constants_in'
  activesupport (3.2.19) lib/active_support/dependencies.rb:468:in `load_file'
  activesupport (3.2.19) lib/active_support/dependencies.rb:353:in `require_or_load'
  activesupport (3.2.19) lib/active_support/dependencies.rb:502:in `load_missing_constant'
  activesupport (3.2.19) lib/active_support/dependencies.rb:192:in `block in const_missing'
  activesupport (3.2.19) lib/active_support/dependencies.rb:190:in `each'
  activesupport (3.2.19) lib/active_support/dependencies.rb:190:in `const_missing'
  activesupport (3.2.19) lib/active_support/inflector/methods.rb:230:in `block in constantize'
  activesupport (3.2.19) lib/active_support/inflector/methods.rb:229:in `each'
  activesupport (3.2.19) lib/active_support/inflector/methods.rb:229:in `constantize'
  activesupport (3.2.19) lib/active_support/dependencies.rb:554:in `get'
  actionpack (3.2.19) lib/action_dispatch/routing/route_set.rb:69:in `controller_reference'
  actionpack (3.2.19) lib/action_dispatch/routing/route_set.rb:54:in `controller'
  actionpack (3.2.19) lib/action_dispatch/routing/route_set.rb:32:in `call'
  journey (1.0.4) lib/journey/router.rb:68:in `block in call'
  journey (1.0.4) lib/journey/router.rb:56:in `each'
  journey (1.0.4) lib/journey/router.rb:56:in `call'
  actionpack (3.2.19) lib/action_dispatch/routing/route_set.rb:608:in `call'
  actionpack (3.2.19) lib/action_dispatch/middleware/best_standards_support.rb:17:in `call'
  rack (1.4.5) lib/rack/etag.rb:23:in `call'
  rack (1.4.5) lib/rack/conditionalget.rb:25:in `call'
  actionpack (3.2.19) lib/action_dispatch/middleware/head.rb:14:in `call'
  actionpack (3.2.19) lib/action_dispatch/middleware/params_parser.rb:21:in `call'
  actionpack (3.2.19) lib/action_dispatch/middleware/flash.rb:242:in `call'
  rack (1.4.5) lib/rack/session/abstract/id.rb:210:in `context'
  rack (1.4.5) lib/rack/session/abstract/id.rb:205:in `call'
  actionpack (3.2.19) lib/action_dispatch/middleware/cookies.rb:341:in `call'
  activerecord (3.2.19) lib/active_record/query_cache.rb:64:in `call'
  activerecord (3.2.19) lib/active_record/connection_adapters/abstract/connection_pool.rb:479:in `call'
  actionpack (3.2.19) lib/action_dispatch/middleware/callbacks.rb:28:in `block in call'
  activesupport (3.2.19) lib/active_support/callbacks.rb:405:in `_run__136067030__call__1020680333__callbacks'
  activesupport (3.2.19) lib/active_support/callbacks.rb:405:in `__run_callback'
  activesupport (3.2.19) lib/active_support/callbacks.rb:385:in `_run_call_callbacks'
  activesupport (3.2.19) lib/active_support/callbacks.rb:81:in `run_callbacks'
  actionpack (3.2.19) lib/action_dispatch/middleware/callbacks.rb:27:in `call'
  actionpack (3.2.19) lib/action_dispatch/middleware/reloader.rb:65:in `call'
  actionpack (3.2.19) lib/action_dispatch/middleware/remote_ip.rb:31:in `call'
  actionpack (3.2.19) lib/action_dispatch/middleware/debug_exceptions.rb:16:in `call'
  actionpack (3.2.19) lib/action_dispatch/middleware/show_exceptions.rb:56:in `call'
  railties (3.2.19) lib/rails/rack/logger.rb:32:in `call_app'
  railties (3.2.19) lib/rails/rack/logger.rb:16:in `block in call'
  activesupport (3.2.19) lib/active_support/tagged_logging.rb:22:in `tagged'
  railties (3.2.19) lib/rails/rack/logger.rb:16:in `call'
  actionpack (3.2.19) lib/action_dispatch/middleware/request_id.rb:22:in `call'
  rack (1.4.5) lib/rack/methodoverride.rb:21:in `call'
  rack (1.4.5) lib/rack/runtime.rb:17:in `call'
  activesupport (3.2.19) lib/active_support/cache/strategy/local_cache.rb:72:in `call'
  rack (1.4.5) lib/rack/lock.rb:15:in `call'
  actionpack (3.2.19) lib/action_dispatch/middleware/static.rb:63:in `call'
  railties (3.2.19) lib/rails/engine.rb:484:in `call'
  railties (3.2.19) lib/rails/application.rb:231:in `call'
  rack (1.4.5) lib/rack/content_length.rb:14:in `call'
  railties (3.2.19) lib/rails/rack/log_tailer.rb:17:in `call'
  rack (1.4.5) lib/rack/handler/webrick.rb:59:in `service'
  C:/RailsInstaller/Ruby1.9.3/lib/ruby/1.9.1/webrick/httpserver.rb:138:in `service'
  C:/RailsInstaller/Ruby1.9.3/lib/ruby/1.9.1/webrick/httpserver.rb:94:in `run'
  C:/RailsInstaller/Ruby1.9.3/lib/ruby/1.9.1/webrick/server.rb:191:in `block in start_thread'


  Rendered C:/RailsInstaller/Ruby1.9.3/lib/ruby/gems/1.9.1/gems/actionpack-3.2.19/lib/action_dispatch/middleware/templates/rescues/_trace.erb (1.0ms)
  Rendered C:/RailsInstaller/Ruby1.9.3/lib/ruby/gems/1.9.1/gems/actionpack-3.2.19/lib/action_dispatch/middleware/templates/rescues/_request_and_response.erb (15.0ms)
  Rendered C:/RailsInstaller/Ruby1.9.3/lib/ruby/gems/1.9.1/gems/actionpack-3.2.19/lib/action_dispatch/middleware/templates/rescues/diagnostics.erb within rescues/layout (91.0ms)


Started GET "/articles/new" for 127.0.0.1 at 2014-10-23 16:28:57 +0530

AbstractController::ActionNotFound (The action 'new' could not be found for ArticlesController):
  actionpack (3.2.19) lib/abstract_controller/base.rb:116:in `process'
  actionpack (3.2.19) lib/abstract_controller/rendering.rb:45:in `process'
  actionpack (3.2.19) lib/action_controller/metal.rb:203:in `dispatch'
  actionpack (3.2.19) lib/action_controller/metal/rack_delegation.rb:14:in `dispatch'
  actionpack (3.2.19) lib/action_controller/metal.rb:246:in `block in action'
  actionpack (3.2.19) lib/action_dispatch/routing/route_set.rb:73:in `call'
  actionpack (3.2.19) lib/action_dispatch/routing/route_set.rb:73:in `dispatch'
  actionpack (3.2.19) lib/action_dispatch/routing/route_set.rb:36:in `call'
  journey (1.0.4) lib/journey/router.rb:68:in `block in call'
  journey (1.0.4) lib/journey/router.rb:56:in `each'
  journey (1.0.4) lib/journey/router.rb:56:in `call'
  actionpack (3.2.19) lib/action_dispatch/routing/route_set.rb:608:in `call'
  actionpack (3.2.19) lib/action_dispatch/middleware/best_standards_support.rb:17:in `call'
  rack (1.4.5) lib/rack/etag.rb:23:in `call'
  rack (1.4.5) lib/rack/conditionalget.rb:25:in `call'
  actionpack (3.2.19) lib/action_dispatch/middleware/head.rb:14:in `call'
  actionpack (3.2.19) lib/action_dispatch/middleware/params_parser.rb:21:in `call'
  actionpack (3.2.19) lib/action_dispatch/middleware/flash.rb:242:in `call'
  rack (1.4.5) lib/rack/session/abstract/id.rb:210:in `context'
  rack (1.4.5) lib/rack/session/abstract/id.rb:205:in `call'
  actionpack (3.2.19) lib/action_dispatch/middleware/cookies.rb:341:in `call'
  activerecord (3.2.19) lib/active_record/query_cache.rb:64:in `call'
  activerecord (3.2.19) lib/active_record/connection_adapters/abstract/connection_pool.rb:479:in `call'
  actionpack (3.2.19) lib/action_dispatch/middleware/callbacks.rb:28:in `block in call'
  activesupport (3.2.19) lib/active_support/callbacks.rb:405:in `_run__136067030__call__1020680333__callbacks'
  activesupport (3.2.19) lib/active_support/callbacks.rb:405:in `__run_callback'
  activesupport (3.2.19) lib/active_support/callbacks.rb:385:in `_run_call_callbacks'
  activesupport (3.2.19) lib/active_support/callbacks.rb:81:in `run_callbacks'
  actionpack (3.2.19) lib/action_dispatch/middleware/callbacks.rb:27:in `call'
  actionpack (3.2.19) lib/action_dispatch/middleware/reloader.rb:65:in `call'
  actionpack (3.2.19) lib/action_dispatch/middleware/remote_ip.rb:31:in `call'
  actionpack (3.2.19) lib/action_dispatch/middleware/debug_exceptions.rb:16:in `call'
  actionpack (3.2.19) lib/action_dispatch/middleware/show_exceptions.rb:56:in `call'
  railties (3.2.19) lib/rails/rack/logger.rb:32:in `call_app'
  railties (3.2.19) lib/rails/rack/logger.rb:16:in `block in call'
  activesupport (3.2.19) lib/active_support/tagged_logging.rb:22:in `tagged'
  railties (3.2.19) lib/rails/rack/logger.rb:16:in `call'
  actionpack (3.2.19) lib/action_dispatch/middleware/request_id.rb:22:in `call'
  rack (1.4.5) lib/rack/methodoverride.rb:21:in `call'
  rack (1.4.5) lib/rack/runtime.rb:17:in `call'
  activesupport (3.2.19) lib/active_support/cache/strategy/local_cache.rb:72:in `call'
  rack (1.4.5) lib/rack/lock.rb:15:in `call'
  actionpack (3.2.19) lib/action_dispatch/middleware/static.rb:63:in `call'
  railties (3.2.19) lib/rails/engine.rb:484:in `call'
  railties (3.2.19) lib/rails/application.rb:231:in `call'
  rack (1.4.5) lib/rack/content_length.rb:14:in `call'
  railties (3.2.19) lib/rails/rack/log_tailer.rb:17:in `call'
  rack (1.4.5) lib/rack/handler/webrick.rb:59:in `service'
  C:/RailsInstaller/Ruby1.9.3/lib/ruby/1.9.1/webrick/httpserver.rb:138:in `service'
  C:/RailsInstaller/Ruby1.9.3/lib/ruby/1.9.1/webrick/httpserver.rb:94:in `run'
  C:/RailsInstaller/Ruby1.9.3/lib/ruby/1.9.1/webrick/server.rb:191:in `block in start_thread'


  Rendered C:/RailsInstaller/Ruby1.9.3/lib/ruby/gems/1.9.1/gems/actionpack-3.2.19/lib/action_dispatch/middleware/templates/rescues/unknown_action.erb within rescues/layout (1.0ms)


Started GET "/articles" for 127.0.0.1 at 2014-10-23 16:29:03 +0530
Processing by ArticlesController#index as HTML
  [1m[36mArticle Load (1.0ms)[0m  [1mSELECT "articles".* FROM "articles" [0m
Completed 500 Internal Server Error in 85.0ms

ActionView::MissingTemplate (Missing template articles/index, application/index with {:locale=>[:en], :formats=>[:html], :handlers=>[:erb, :builder, :coffee]}. Searched in:
  * "C:/myRuby/blogger/app/views"
):
  actionpack (3.2.19) lib/action_view/path_set.rb:58:in `find'
  actionpack (3.2.19) lib/action_view/lookup_context.rb:122:in `find'
  C:in `find_template'
  actionpack (3.2.19) lib/action_view/renderer/template_renderer.rb:34:in `determine_template'
  actionpack (3.2.19) lib/action_view/renderer/template_renderer.rb:10:in `render'
  actionpack (3.2.19) lib/action_view/renderer/renderer.rb:36:in `render_template'
  actionpack (3.2.19) lib/action_view/renderer/renderer.rb:17:in `render'
  actionpack (3.2.19) lib/abstract_controller/rendering.rb:110:in `_render_template'
  actionpack (3.2.19) lib/action_controller/metal/streaming.rb:225:in `_render_template'
  actionpack (3.2.19) lib/abstract_controller/rendering.rb:103:in `render_to_body'
  actionpack (3.2.19) lib/action_controller/metal/renderers.rb:28:in `render_to_body'
  actionpack (3.2.19) lib/action_controller/metal/compatibility.rb:50:in `render_to_body'
  actionpack (3.2.19) lib/abstract_controller/rendering.rb:88:in `render'
  actionpack (3.2.19) lib/action_controller/metal/rendering.rb:16:in `render'
  actionpack (3.2.19) lib/action_controller/metal/instrumentation.rb:40:in `block (2 levels) in render'
  activesupport (3.2.19) lib/active_support/core_ext/benchmark.rb:5:in `block in ms'
  C:/RailsInstaller/Ruby1.9.3/lib/ruby/1.9.1/benchmark.rb:295:in `realtime'
  activesupport (3.2.19) lib/active_support/core_ext/benchmark.rb:5:in `ms'
  actionpack (3.2.19) lib/action_controller/metal/instrumentation.rb:40:in `block in render'
  actionpack (3.2.19) lib/action_controller/metal/instrumentation.rb:83:in `cleanup_view_runtime'
  activerecord (3.2.19) lib/active_record/railties/controller_runtime.rb:24:in `cleanup_view_runtime'
  actionpack (3.2.19) lib/action_controller/metal/instrumentation.rb:39:in `render'
  actionpack (3.2.19) lib/action_controller/metal/implicit_render.rb:10:in `default_render'
  actionpack (3.2.19) lib/action_controller/metal/implicit_render.rb:5:in `send_action'
  actionpack (3.2.19) lib/abstract_controller/base.rb:167:in `process_action'
  actionpack (3.2.19) lib/action_controller/metal/rendering.rb:10:in `process_action'
  actionpack (3.2.19) lib/abstract_controller/callbacks.rb:18:in `block in process_action'
  activesupport (3.2.19) lib/active_support/callbacks.rb:414:in `_run__280541807__process_action__678520130__callbacks'
  activesupport (3.2.19) lib/active_support/callbacks.rb:405:in `__run_callback'
  activesupport (3.2.19) lib/active_support/callbacks.rb:385:in `_run_process_action_callbacks'
  activesupport (3.2.19) lib/active_support/callbacks.rb:81:in `run_callbacks'
  actionpack (3.2.19) lib/abstract_controller/callbacks.rb:17:in `process_action'
  actionpack (3.2.19) lib/action_controller/metal/rescue.rb:29:in `process_action'
  actionpack (3.2.19) lib/action_controller/metal/instrumentation.rb:30:in `block in process_action'
  activesupport (3.2.19) lib/active_support/notifications.rb:123:in `block in instrument'
  activesupport (3.2.19) lib/active_support/notifications/instrumenter.rb:20:in `instrument'
  activesupport (3.2.19) lib/active_support/notifications.rb:123:in `instrument'
  actionpack (3.2.19) lib/action_controller/metal/instrumentation.rb:29:in `process_action'
  actionpack (3.2.19) lib/action_controller/metal/params_wrapper.rb:207:in `process_action'
  activerecord (3.2.19) lib/active_record/railties/controller_runtime.rb:18:in `process_action'
  actionpack (3.2.19) lib/abstract_controller/base.rb:121:in `process'
  actionpack (3.2.19) lib/abstract_controller/rendering.rb:45:in `process'
  actionpack (3.2.19) lib/action_controller/metal.rb:203:in `dispatch'
  actionpack (3.2.19) lib/action_controller/metal/rack_delegation.rb:14:in `dispatch'
  actionpack (3.2.19) lib/action_controller/metal.rb:246:in `block in action'
  actionpack (3.2.19) lib/action_dispatch/routing/route_set.rb:73:in `call'
  actionpack (3.2.19) lib/action_dispatch/routing/route_set.rb:73:in `dispatch'
  actionpack (3.2.19) lib/action_dispatch/routing/route_set.rb:36:in `call'
  journey (1.0.4) lib/journey/router.rb:68:in `block in call'
  journey (1.0.4) lib/journey/router.rb:56:in `each'
  journey (1.0.4) lib/journey/router.rb:56:in `call'
  actionpack (3.2.19) lib/action_dispatch/routing/route_set.rb:608:in `call'
  actionpack (3.2.19) lib/action_dispatch/middleware/best_standards_support.rb:17:in `call'
  rack (1.4.5) lib/rack/etag.rb:23:in `call'
  rack (1.4.5) lib/rack/conditionalget.rb:25:in `call'
  actionpack (3.2.19) lib/action_dispatch/middleware/head.rb:14:in `call'
  actionpack (3.2.19) lib/action_dispatch/middleware/params_parser.rb:21:in `call'
  actionpack (3.2.19) lib/action_dispatch/middleware/flash.rb:242:in `call'
  rack (1.4.5) lib/rack/session/abstract/id.rb:210:in `context'
  rack (1.4.5) lib/rack/session/abstract/id.rb:205:in `call'
  actionpack (3.2.19) lib/action_dispatch/middleware/cookies.rb:341:in `call'
  activerecord (3.2.19) lib/active_record/query_cache.rb:64:in `call'
  activerecord (3.2.19) lib/active_record/connection_adapters/abstract/connection_pool.rb:479:in `call'
  actionpack (3.2.19) lib/action_dispatch/middleware/callbacks.rb:28:in `block in call'
  activesupport (3.2.19) lib/active_support/callbacks.rb:405:in `_run__136067030__call__1020680333__callbacks'
  activesupport (3.2.19) lib/active_support/callbacks.rb:405:in `__run_callback'
  activesupport (3.2.19) lib/active_support/callbacks.rb:385:in `_run_call_callbacks'
  activesupport (3.2.19) lib/active_support/callbacks.rb:81:in `run_callbacks'
  actionpack (3.2.19) lib/action_dispatch/middleware/callbacks.rb:27:in `call'
  actionpack (3.2.19) lib/action_dispatch/middleware/reloader.rb:65:in `call'
  actionpack (3.2.19) lib/action_dispatch/middleware/remote_ip.rb:31:in `call'
  actionpack (3.2.19) lib/action_dispatch/middleware/debug_exceptions.rb:16:in `call'
  actionpack (3.2.19) lib/action_dispatch/middleware/show_exceptions.rb:56:in `call'
  railties (3.2.19) lib/rails/rack/logger.rb:32:in `call_app'
  railties (3.2.19) lib/rails/rack/logger.rb:16:in `block in call'
  activesupport (3.2.19) lib/active_support/tagged_logging.rb:22:in `tagged'
  railties (3.2.19) lib/rails/rack/logger.rb:16:in `call'
  actionpack (3.2.19) lib/action_dispatch/middleware/request_id.rb:22:in `call'
  rack (1.4.5) lib/rack/methodoverride.rb:21:in `call'
  rack (1.4.5) lib/rack/runtime.rb:17:in `call'
  activesupport (3.2.19) lib/active_support/cache/strategy/local_cache.rb:72:in `call'
  rack (1.4.5) lib/rack/lock.rb:15:in `call'
  actionpack (3.2.19) lib/action_dispatch/middleware/static.rb:63:in `call'
  railties (3.2.19) lib/rails/engine.rb:484:in `call'
  railties (3.2.19) lib/rails/application.rb:231:in `call'
  rack (1.4.5) lib/rack/content_length.rb:14:in `call'
  railties (3.2.19) lib/rails/rack/log_tailer.rb:17:in `call'
  rack (1.4.5) lib/rack/handler/webrick.rb:59:in `service'
  C:/RailsInstaller/Ruby1.9.3/lib/ruby/1.9.1/webrick/httpserver.rb:138:in `service'
  C:/RailsInstaller/Ruby1.9.3/lib/ruby/1.9.1/webrick/httpserver.rb:94:in `run'
  C:/RailsInstaller/Ruby1.9.3/lib/ruby/1.9.1/webrick/server.rb:191:in `block in start_thread'


  Rendered C:/RailsInstaller/Ruby1.9.3/lib/ruby/gems/1.9.1/gems/actionpack-3.2.19/lib/action_dispatch/middleware/templates/rescues/missing_template.erb within rescues/layout (0.0ms)


Started GET "/articles" for 127.0.0.1 at 2014-10-23 16:35:20 +0530
Processing by ArticlesController#index as HTML
  [1m[35mArticle Load (0.0ms)[0m  SELECT "articles".* FROM "articles" 
  Rendered articles/index.html.erb within layouts/application (1.0ms)
Warning. Error encountered while saving cache C:/myRuby/blogger/tmp/cache/sass/7d286e2f16c68d018c1682ad04d13f507f896a66/articles.css.scssc: can't dump anonymous class #<Class:0x2de8290>
Compiled articles.css  (30ms)  (pid 5304)
Compiled application.css  (55ms)  (pid 5304)
Compiled jquery.js  (2ms)  (pid 5304)
Compiled jquery_ujs.js  (0ms)  (pid 5304)
Compiled articles.js  (436ms)  (pid 5304)
Compiled application.js  (524ms)  (pid 5304)
Completed 200 OK in 689.0ms (Views: 688.0ms | ActiveRecord: 0.0ms)


Started GET "/assets/application.css?body=1" for 127.0.0.1 at 2014-10-23 16:35:21 +0530
Served asset /application.css - 200 OK (4ms)


Started GET "/assets/articles.css?body=1" for 127.0.0.1 at 2014-10-23 16:35:21 +0530
Served asset /articles.css - 200 OK (3ms)


Started GET "/assets/jquery.js?body=1" for 127.0.0.1 at 2014-10-23 16:35:21 +0530
Served asset /jquery.js - 200 OK (20ms)


Started GET "/assets/jquery_ujs.js?body=1" for 127.0.0.1 at 2014-10-23 16:35:21 +0530
Served asset /jquery_ujs.js - 200 OK (3ms)


Started GET "/assets/articles.js?body=1" for 127.0.0.1 at 2014-10-23 16:35:21 +0530
Served asset /articles.js - 200 OK (4ms)


Started GET "/assets/application.js?body=1" for 127.0.0.1 at 2014-10-23 16:35:21 +0530
Served asset /application.js - 200 OK (20ms)


Started GET "/articles" for 127.0.0.1 at 2014-10-23 16:39:32 +0530
Processing by ArticlesController#index as HTML
  [1m[36mArticle Load (1.0ms)[0m  [1mSELECT "articles".* FROM "articles" [0m
  Rendered articles/index.html.erb within layouts/application (3.0ms)
Completed 200 OK in 11.0ms (Views: 10.0ms | ActiveRecord: 1.0ms)


Started GET "/assets/application.css?body=1" for 127.0.0.1 at 2014-10-23 16:39:32 +0530
Served asset /application.css - 304 Not Modified (0ms)


Started GET "/assets/articles.css?body=1" for 127.0.0.1 at 2014-10-23 16:39:32 +0530
Served asset /articles.css - 304 Not Modified (0ms)


Started GET "/assets/jquery.js?body=1" for 127.0.0.1 at 2014-10-23 16:39:32 +0530
Served asset /jquery.js - 304 Not Modified (0ms)


Started GET "/assets/jquery_ujs.js?body=1" for 127.0.0.1 at 2014-10-23 16:39:32 +0530
Served asset /jquery_ujs.js - 304 Not Modified (0ms)


Started GET "/assets/application.js?body=1" for 127.0.0.1 at 2014-10-23 16:39:32 +0530
Served asset /application.js - 304 Not Modified (1ms)


Started GET "/assets/articles.js?body=1" for 127.0.0.1 at 2014-10-23 16:39:32 +0530
Served asset /articles.js - 304 Not Modified (0ms)


Started GET "/articles/1" for 127.0.0.1 at 2014-10-23 16:39:35 +0530

AbstractController::ActionNotFound (The action 'show' could not be found for ArticlesController):
  actionpack (3.2.19) lib/abstract_controller/base.rb:116:in `process'
  actionpack (3.2.19) lib/abstract_controller/rendering.rb:45:in `process'
  actionpack (3.2.19) lib/action_controller/metal.rb:203:in `dispatch'
  actionpack (3.2.19) lib/action_controller/metal/rack_delegation.rb:14:in `dispatch'
  actionpack (3.2.19) lib/action_controller/metal.rb:246:in `block in action'
  actionpack (3.2.19) lib/action_dispatch/routing/route_set.rb:73:in `call'
  actionpack (3.2.19) lib/action_dispatch/routing/route_set.rb:73:in `dispatch'
  actionpack (3.2.19) lib/action_dispatch/routing/route_set.rb:36:in `call'
  journey (1.0.4) lib/journey/router.rb:68:in `block in call'
  journey (1.0.4) lib/journey/router.rb:56:in `each'
  journey (1.0.4) lib/journey/router.rb:56:in `call'
  actionpack (3.2.19) lib/action_dispatch/routing/route_set.rb:608:in `call'
  actionpack (3.2.19) lib/action_dispatch/middleware/best_standards_support.rb:17:in `call'
  rack (1.4.5) lib/rack/etag.rb:23:in `call'
  rack (1.4.5) lib/rack/conditionalget.rb:25:in `call'
  actionpack (3.2.19) lib/action_dispatch/middleware/head.rb:14:in `call'
  actionpack (3.2.19) lib/action_dispatch/middleware/params_parser.rb:21:in `call'
  actionpack (3.2.19) lib/action_dispatch/middleware/flash.rb:242:in `call'
  rack (1.4.5) lib/rack/session/abstract/id.rb:210:in `context'
  rack (1.4.5) lib/rack/session/abstract/id.rb:205:in `call'
  actionpack (3.2.19) lib/action_dispatch/middleware/cookies.rb:341:in `call'
  activerecord (3.2.19) lib/active_record/query_cache.rb:64:in `call'
  activerecord (3.2.19) lib/active_record/connection_adapters/abstract/connection_pool.rb:479:in `call'
  actionpack (3.2.19) lib/action_dispatch/middleware/callbacks.rb:28:in `block in call'
  activesupport (3.2.19) lib/active_support/callbacks.rb:405:in `_run__136067030__call__1020680333__callbacks'
  activesupport (3.2.19) lib/active_support/callbacks.rb:405:in `__run_callback'
  activesupport (3.2.19) lib/active_support/callbacks.rb:385:in `_run_call_callbacks'
  activesupport (3.2.19) lib/active_support/callbacks.rb:81:in `run_callbacks'
  actionpack (3.2.19) lib/action_dispatch/middleware/callbacks.rb:27:in `call'
  actionpack (3.2.19) lib/action_dispatch/middleware/reloader.rb:65:in `call'
  actionpack (3.2.19) lib/action_dispatch/middleware/remote_ip.rb:31:in `call'
  actionpack (3.2.19) lib/action_dispatch/middleware/debug_exceptions.rb:16:in `call'
  actionpack (3.2.19) lib/action_dispatch/middleware/show_exceptions.rb:56:in `call'
  railties (3.2.19) lib/rails/rack/logger.rb:32:in `call_app'
  railties (3.2.19) lib/rails/rack/logger.rb:16:in `block in call'
  activesupport (3.2.19) lib/active_support/tagged_logging.rb:22:in `tagged'
  railties (3.2.19) lib/rails/rack/logger.rb:16:in `call'
  actionpack (3.2.19) lib/action_dispatch/middleware/request_id.rb:22:in `call'
  rack (1.4.5) lib/rack/methodoverride.rb:21:in `call'
  rack (1.4.5) lib/rack/runtime.rb:17:in `call'
  activesupport (3.2.19) lib/active_support/cache/strategy/local_cache.rb:72:in `call'
  rack (1.4.5) lib/rack/lock.rb:15:in `call'
  actionpack (3.2.19) lib/action_dispatch/middleware/static.rb:63:in `call'
  railties (3.2.19) lib/rails/engine.rb:484:in `call'
  railties (3.2.19) lib/rails/application.rb:231:in `call'
  rack (1.4.5) lib/rack/content_length.rb:14:in `call'
  railties (3.2.19) lib/rails/rack/log_tailer.rb:17:in `call'
  rack (1.4.5) lib/rack/handler/webrick.rb:59:in `service'
  C:/RailsInstaller/Ruby1.9.3/lib/ruby/1.9.1/webrick/httpserver.rb:138:in `service'
  C:/RailsInstaller/Ruby1.9.3/lib/ruby/1.9.1/webrick/httpserver.rb:94:in `run'
  C:/RailsInstaller/Ruby1.9.3/lib/ruby/1.9.1/webrick/server.rb:191:in `block in start_thread'


  Rendered C:/RailsInstaller/Ruby1.9.3/lib/ruby/gems/1.9.1/gems/actionpack-3.2.19/lib/action_dispatch/middleware/templates/rescues/unknown_action.erb within rescues/layout (0.0ms)


Started GET "/articles" for 127.0.0.1 at 2014-10-23 16:46:47 +0530
Processing by ArticlesController#index as HTML
  [1m[35mArticle Load (0.0ms)[0m  SELECT "articles".* FROM "articles" 
  Rendered articles/index.html.erb within layouts/application (2.0ms)
Completed 200 OK in 16.0ms (Views: 15.0ms | ActiveRecord: 0.0ms)


Started GET "/assets/application.css?body=1" for 127.0.0.1 at 2014-10-23 16:46:47 +0530
Served asset /application.css - 200 OK (0ms)


Started GET "/assets/articles.css?body=1" for 127.0.0.1 at 2014-10-23 16:46:47 +0530
Served asset /articles.css - 200 OK (0ms)


Started GET "/assets/articles.js?body=1" for 127.0.0.1 at 2014-10-23 16:46:47 +0530
Served asset /articles.js - 200 OK (0ms)


Started GET "/assets/application.js?body=1" for 127.0.0.1 at 2014-10-23 16:46:47 +0530
Served asset /application.js - 200 OK (1ms)


Started GET "/assets/jquery.js?body=1" for 127.0.0.1 at 2014-10-23 16:46:47 +0530
Served asset /jquery.js - 200 OK (0ms)


Started GET "/assets/jquery_ujs.js?body=1" for 127.0.0.1 at 2014-10-23 16:46:47 +0530
Served asset /jquery_ujs.js - 200 OK (0ms)


Started GET "/articles/new" for 127.0.0.1 at 2014-10-23 18:06:04 +0530

AbstractController::ActionNotFound (The action 'new' could not be found for ArticlesController):
  actionpack (3.2.19) lib/abstract_controller/base.rb:116:in `process'
  actionpack (3.2.19) lib/abstract_controller/rendering.rb:45:in `process'
  actionpack (3.2.19) lib/action_controller/metal.rb:203:in `dispatch'
  actionpack (3.2.19) lib/action_controller/metal/rack_delegation.rb:14:in `dispatch'
  actionpack (3.2.19) lib/action_controller/metal.rb:246:in `block in action'
  actionpack (3.2.19) lib/action_dispatch/routing/route_set.rb:73:in `call'
  actionpack (3.2.19) lib/action_dispatch/routing/route_set.rb:73:in `dispatch'
  actionpack (3.2.19) lib/action_dispatch/routing/route_set.rb:36:in `call'
  journey (1.0.4) lib/journey/router.rb:68:in `block in call'
  journey (1.0.4) lib/journey/router.rb:56:in `each'
  journey (1.0.4) lib/journey/router.rb:56:in `call'
  actionpack (3.2.19) lib/action_dispatch/routing/route_set.rb:608:in `call'
  actionpack (3.2.19) lib/action_dispatch/middleware/best_standards_support.rb:17:in `call'
  rack (1.4.5) lib/rack/etag.rb:23:in `call'
  rack (1.4.5) lib/rack/conditionalget.rb:25:in `call'
  actionpack (3.2.19) lib/action_dispatch/middleware/head.rb:14:in `call'
  actionpack (3.2.19) lib/action_dispatch/middleware/params_parser.rb:21:in `call'
  actionpack (3.2.19) lib/action_dispatch/middleware/flash.rb:242:in `call'
  rack (1.4.5) lib/rack/session/abstract/id.rb:210:in `context'
  rack (1.4.5) lib/rack/session/abstract/id.rb:205:in `call'
  actionpack (3.2.19) lib/action_dispatch/middleware/cookies.rb:341:in `call'
  activerecord (3.2.19) lib/active_record/query_cache.rb:64:in `call'
  activerecord (3.2.19) lib/active_record/connection_adapters/abstract/connection_pool.rb:479:in `call'
  actionpack (3.2.19) lib/action_dispatch/middleware/callbacks.rb:28:in `block in call'
  activesupport (3.2.19) lib/active_support/callbacks.rb:405:in `_run__136067030__call__1020680333__callbacks'
  activesupport (3.2.19) lib/active_support/callbacks.rb:405:in `__run_callback'
  activesupport (3.2.19) lib/active_support/callbacks.rb:385:in `_run_call_callbacks'
  activesupport (3.2.19) lib/active_support/callbacks.rb:81:in `run_callbacks'
  actionpack (3.2.19) lib/action_dispatch/middleware/callbacks.rb:27:in `call'
  actionpack (3.2.19) lib/action_dispatch/middleware/reloader.rb:65:in `call'
  actionpack (3.2.19) lib/action_dispatch/middleware/remote_ip.rb:31:in `call'
  actionpack (3.2.19) lib/action_dispatch/middleware/debug_exceptions.rb:16:in `call'
  actionpack (3.2.19) lib/action_dispatch/middleware/show_exceptions.rb:56:in `call'
  railties (3.2.19) lib/rails/rack/logger.rb:32:in `call_app'
  railties (3.2.19) lib/rails/rack/logger.rb:16:in `block in call'
  activesupport (3.2.19) lib/active_support/tagged_logging.rb:22:in `tagged'
  railties (3.2.19) lib/rails/rack/logger.rb:16:in `call'
  actionpack (3.2.19) lib/action_dispatch/middleware/request_id.rb:22:in `call'
  rack (1.4.5) lib/rack/methodoverride.rb:21:in `call'
  rack (1.4.5) lib/rack/runtime.rb:17:in `call'
  activesupport (3.2.19) lib/active_support/cache/strategy/local_cache.rb:72:in `call'
  rack (1.4.5) lib/rack/lock.rb:15:in `call'
  actionpack (3.2.19) lib/action_dispatch/middleware/static.rb:63:in `call'
  railties (3.2.19) lib/rails/engine.rb:484:in `call'
  railties (3.2.19) lib/rails/application.rb:231:in `call'
  rack (1.4.5) lib/rack/content_length.rb:14:in `call'
  railties (3.2.19) lib/rails/rack/log_tailer.rb:17:in `call'
  rack (1.4.5) lib/rack/handler/webrick.rb:59:in `service'
  C:/RailsInstaller/Ruby1.9.3/lib/ruby/1.9.1/webrick/httpserver.rb:138:in `service'
  C:/RailsInstaller/Ruby1.9.3/lib/ruby/1.9.1/webrick/httpserver.rb:94:in `run'
  C:/RailsInstaller/Ruby1.9.3/lib/ruby/1.9.1/webrick/server.rb:191:in `block in start_thread'


  Rendered C:/RailsInstaller/Ruby1.9.3/lib/ruby/gems/1.9.1/gems/actionpack-3.2.19/lib/action_dispatch/middleware/templates/rescues/unknown_action.erb within rescues/layout (1.0ms)


Started GET "/articles" for 127.0.0.1 at 2014-10-23 18:07:05 +0530
Processing by ArticlesController#index as HTML
  [1m[36mArticle Load (0.0ms)[0m  [1mSELECT "articles".* FROM "articles" [0m
  Rendered articles/index.html.erb within layouts/application (1.0ms)
Completed 200 OK in 15.0ms (Views: 9.0ms | ActiveRecord: 0.0ms)


Started GET "/assets/application.css?body=1" for 127.0.0.1 at 2014-10-23 18:07:05 +0530
Served asset /application.css - 304 Not Modified (0ms)


Started GET "/assets/articles.css?body=1" for 127.0.0.1 at 2014-10-23 18:07:05 +0530
Served asset /articles.css - 304 Not Modified (0ms)


Started GET "/assets/jquery_ujs.js?body=1" for 127.0.0.1 at 2014-10-23 18:07:05 +0530
Served asset /jquery_ujs.js - 304 Not Modified (0ms)


Started GET "/assets/jquery.js?body=1" for 127.0.0.1 at 2014-10-23 18:07:05 +0530
Served asset /jquery.js - 304 Not Modified (0ms)


Started GET "/assets/articles.js?body=1" for 127.0.0.1 at 2014-10-23 18:07:05 +0530
Served asset /articles.js - 304 Not Modified (0ms)


Started GET "/assets/application.js?body=1" for 127.0.0.1 at 2014-10-23 18:07:05 +0530
Served asset /application.js - 304 Not Modified (0ms)


Started GET "/articles/new" for 127.0.0.1 at 2014-10-23 18:07:07 +0530

AbstractController::ActionNotFound (The action 'new' could not be found for ArticlesController):
  actionpack (3.2.19) lib/abstract_controller/base.rb:116:in `process'
  actionpack (3.2.19) lib/abstract_controller/rendering.rb:45:in `process'
  actionpack (3.2.19) lib/action_controller/metal.rb:203:in `dispatch'
  actionpack (3.2.19) lib/action_controller/metal/rack_delegation.rb:14:in `dispatch'
  actionpack (3.2.19) lib/action_controller/metal.rb:246:in `block in action'
  actionpack (3.2.19) lib/action_dispatch/routing/route_set.rb:73:in `call'
  actionpack (3.2.19) lib/action_dispatch/routing/route_set.rb:73:in `dispatch'
  actionpack (3.2.19) lib/action_dispatch/routing/route_set.rb:36:in `call'
  journey (1.0.4) lib/journey/router.rb:68:in `block in call'
  journey (1.0.4) lib/journey/router.rb:56:in `each'
  journey (1.0.4) lib/journey/router.rb:56:in `call'
  actionpack (3.2.19) lib/action_dispatch/routing/route_set.rb:608:in `call'
  actionpack (3.2.19) lib/action_dispatch/middleware/best_standards_support.rb:17:in `call'
  rack (1.4.5) lib/rack/etag.rb:23:in `call'
  rack (1.4.5) lib/rack/conditionalget.rb:25:in `call'
  actionpack (3.2.19) lib/action_dispatch/middleware/head.rb:14:in `call'
  actionpack (3.2.19) lib/action_dispatch/middleware/params_parser.rb:21:in `call'
  actionpack (3.2.19) lib/action_dispatch/middleware/flash.rb:242:in `call'
  rack (1.4.5) lib/rack/session/abstract/id.rb:210:in `context'
  rack (1.4.5) lib/rack/session/abstract/id.rb:205:in `call'
  actionpack (3.2.19) lib/action_dispatch/middleware/cookies.rb:341:in `call'
  activerecord (3.2.19) lib/active_record/query_cache.rb:64:in `call'
  activerecord (3.2.19) lib/active_record/connection_adapters/abstract/connection_pool.rb:479:in `call'
  actionpack (3.2.19) lib/action_dispatch/middleware/callbacks.rb:28:in `block in call'
  activesupport (3.2.19) lib/active_support/callbacks.rb:405:in `_run__136067030__call__1020680333__callbacks'
  activesupport (3.2.19) lib/active_support/callbacks.rb:405:in `__run_callback'
  activesupport (3.2.19) lib/active_support/callbacks.rb:385:in `_run_call_callbacks'
  activesupport (3.2.19) lib/active_support/callbacks.rb:81:in `run_callbacks'
  actionpack (3.2.19) lib/action_dispatch/middleware/callbacks.rb:27:in `call'
  actionpack (3.2.19) lib/action_dispatch/middleware/reloader.rb:65:in `call'
  actionpack (3.2.19) lib/action_dispatch/middleware/remote_ip.rb:31:in `call'
  actionpack (3.2.19) lib/action_dispatch/middleware/debug_exceptions.rb:16:in `call'
  actionpack (3.2.19) lib/action_dispatch/middleware/show_exceptions.rb:56:in `call'
  railties (3.2.19) lib/rails/rack/logger.rb:32:in `call_app'
  railties (3.2.19) lib/rails/rack/logger.rb:16:in `block in call'
  activesupport (3.2.19) lib/active_support/tagged_logging.rb:22:in `tagged'
  railties (3.2.19) lib/rails/rack/logger.rb:16:in `call'
  actionpack (3.2.19) lib/action_dispatch/middleware/request_id.rb:22:in `call'
  rack (1.4.5) lib/rack/methodoverride.rb:21:in `call'
  rack (1.4.5) lib/rack/runtime.rb:17:in `call'
  activesupport (3.2.19) lib/active_support/cache/strategy/local_cache.rb:72:in `call'
  rack (1.4.5) lib/rack/lock.rb:15:in `call'
  actionpack (3.2.19) lib/action_dispatch/middleware/static.rb:63:in `call'
  railties (3.2.19) lib/rails/engine.rb:484:in `call'
  railties (3.2.19) lib/rails/application.rb:231:in `call'
  rack (1.4.5) lib/rack/content_length.rb:14:in `call'
  railties (3.2.19) lib/rails/rack/log_tailer.rb:17:in `call'
  rack (1.4.5) lib/rack/handler/webrick.rb:59:in `service'
  C:/RailsInstaller/Ruby1.9.3/lib/ruby/1.9.1/webrick/httpserver.rb:138:in `service'
  C:/RailsInstaller/Ruby1.9.3/lib/ruby/1.9.1/webrick/httpserver.rb:94:in `run'
  C:/RailsInstaller/Ruby1.9.3/lib/ruby/1.9.1/webrick/server.rb:191:in `block in start_thread'


  Rendered C:/RailsInstaller/Ruby1.9.3/lib/ruby/gems/1.9.1/gems/actionpack-3.2.19/lib/action_dispatch/middleware/templates/rescues/unknown_action.erb within rescues/layout (1.0ms)


Started GET "/articles/1" for 127.0.0.1 at 2014-10-23 18:07:17 +0530
Processing by ArticlesController#show as HTML
  Parameters: {"id"=>"1"}
Completed 500 Internal Server Error in 1.0ms

ActionView::MissingTemplate (Missing template articles/show, application/show with {:locale=>[:en], :formats=>[:html], :handlers=>[:erb, :builder, :coffee]}. Searched in:
  * "C:/myRuby/blogger/app/views"
):
  actionpack (3.2.19) lib/action_view/path_set.rb:58:in `find'
  actionpack (3.2.19) lib/action_view/lookup_context.rb:122:in `find'
  C:in `find_template'
  actionpack (3.2.19) lib/action_view/renderer/template_renderer.rb:34:in `determine_template'
  actionpack (3.2.19) lib/action_view/renderer/template_renderer.rb:10:in `render'
  actionpack (3.2.19) lib/action_view/renderer/renderer.rb:36:in `render_template'
  actionpack (3.2.19) lib/action_view/renderer/renderer.rb:17:in `render'
  actionpack (3.2.19) lib/abstract_controller/rendering.rb:110:in `_render_template'
  actionpack (3.2.19) lib/action_controller/metal/streaming.rb:225:in `_render_template'
  actionpack (3.2.19) lib/abstract_controller/rendering.rb:103:in `render_to_body'
  actionpack (3.2.19) lib/action_controller/metal/renderers.rb:28:in `render_to_body'
  actionpack (3.2.19) lib/action_controller/metal/compatibility.rb:50:in `render_to_body'
  actionpack (3.2.19) lib/abstract_controller/rendering.rb:88:in `render'
  actionpack (3.2.19) lib/action_controller/metal/rendering.rb:16:in `render'
  actionpack (3.2.19) lib/action_controller/metal/instrumentation.rb:40:in `block (2 levels) in render'
  activesupport (3.2.19) lib/active_support/core_ext/benchmark.rb:5:in `block in ms'
  C:/RailsInstaller/Ruby1.9.3/lib/ruby/1.9.1/benchmark.rb:295:in `realtime'
  activesupport (3.2.19) lib/active_support/core_ext/benchmark.rb:5:in `ms'
  actionpack (3.2.19) lib/action_controller/metal/instrumentation.rb:40:in `block in render'
  actionpack (3.2.19) lib/action_controller/metal/instrumentation.rb:83:in `cleanup_view_runtime'
  activerecord (3.2.19) lib/active_record/railties/controller_runtime.rb:24:in `cleanup_view_runtime'
  actionpack (3.2.19) lib/action_controller/metal/instrumentation.rb:39:in `render'
  actionpack (3.2.19) lib/action_controller/metal/implicit_render.rb:10:in `default_render'
  actionpack (3.2.19) lib/action_controller/metal/implicit_render.rb:5:in `send_action'
  actionpack (3.2.19) lib/abstract_controller/base.rb:167:in `process_action'
  actionpack (3.2.19) lib/action_controller/metal/rendering.rb:10:in `process_action'
  actionpack (3.2.19) lib/abstract_controller/callbacks.rb:18:in `block in process_action'
  activesupport (3.2.19) lib/active_support/callbacks.rb:414:in `_run__280541807__process_action__636140290__callbacks'
  activesupport (3.2.19) lib/active_support/callbacks.rb:405:in `__run_callback'
  activesupport (3.2.19) lib/active_support/callbacks.rb:385:in `_run_process_action_callbacks'
  activesupport (3.2.19) lib/active_support/callbacks.rb:81:in `run_callbacks'
  actionpack (3.2.19) lib/abstract_controller/callbacks.rb:17:in `process_action'
  actionpack (3.2.19) lib/action_controller/metal/rescue.rb:29:in `process_action'
  actionpack (3.2.19) lib/action_controller/metal/instrumentation.rb:30:in `block in process_action'
  activesupport (3.2.19) lib/active_support/notifications.rb:123:in `block in instrument'
  activesupport (3.2.19) lib/active_support/notifications/instrumenter.rb:20:in `instrument'
  activesupport (3.2.19) lib/active_support/notifications.rb:123:in `instrument'
  actionpack (3.2.19) lib/action_controller/metal/instrumentation.rb:29:in `process_action'
  actionpack (3.2.19) lib/action_controller/metal/params_wrapper.rb:207:in `process_action'
  activerecord (3.2.19) lib/active_record/railties/controller_runtime.rb:18:in `process_action'
  actionpack (3.2.19) lib/abstract_controller/base.rb:121:in `process'
  actionpack (3.2.19) lib/abstract_controller/rendering.rb:45:in `process'
  actionpack (3.2.19) lib/action_controller/metal.rb:203:in `dispatch'
  actionpack (3.2.19) lib/action_controller/metal/rack_delegation.rb:14:in `dispatch'
  actionpack (3.2.19) lib/action_controller/metal.rb:246:in `block in action'
  actionpack (3.2.19) lib/action_dispatch/routing/route_set.rb:73:in `call'
  actionpack (3.2.19) lib/action_dispatch/routing/route_set.rb:73:in `dispatch'
  actionpack (3.2.19) lib/action_dispatch/routing/route_set.rb:36:in `call'
  journey (1.0.4) lib/journey/router.rb:68:in `block in call'
  journey (1.0.4) lib/journey/router.rb:56:in `each'
  journey (1.0.4) lib/journey/router.rb:56:in `call'
  actionpack (3.2.19) lib/action_dispatch/routing/route_set.rb:608:in `call'
  actionpack (3.2.19) lib/action_dispatch/middleware/best_standards_support.rb:17:in `call'
  rack (1.4.5) lib/rack/etag.rb:23:in `call'
  rack (1.4.5) lib/rack/conditionalget.rb:25:in `call'
  actionpack (3.2.19) lib/action_dispatch/middleware/head.rb:14:in `call'
  actionpack (3.2.19) lib/action_dispatch/middleware/params_parser.rb:21:in `call'
  actionpack (3.2.19) lib/action_dispatch/middleware/flash.rb:242:in `call'
  rack (1.4.5) lib/rack/session/abstract/id.rb:210:in `context'
  rack (1.4.5) lib/rack/session/abstract/id.rb:205:in `call'
  actionpack (3.2.19) lib/action_dispatch/middleware/cookies.rb:341:in `call'
  activerecord (3.2.19) lib/active_record/query_cache.rb:64:in `call'
  activerecord (3.2.19) lib/active_record/connection_adapters/abstract/connection_pool.rb:479:in `call'
  actionpack (3.2.19) lib/action_dispatch/middleware/callbacks.rb:28:in `block in call'
  activesupport (3.2.19) lib/active_support/callbacks.rb:405:in `_run__136067030__call__1020680333__callbacks'
  activesupport (3.2.19) lib/active_support/callbacks.rb:405:in `__run_callback'
  activesupport (3.2.19) lib/active_support/callbacks.rb:385:in `_run_call_callbacks'
  activesupport (3.2.19) lib/active_support/callbacks.rb:81:in `run_callbacks'
  actionpack (3.2.19) lib/action_dispatch/middleware/callbacks.rb:27:in `call'
  actionpack (3.2.19) lib/action_dispatch/middleware/reloader.rb:65:in `call'
  actionpack (3.2.19) lib/action_dispatch/middleware/remote_ip.rb:31:in `call'
  actionpack (3.2.19) lib/action_dispatch/middleware/debug_exceptions.rb:16:in `call'
  actionpack (3.2.19) lib/action_dispatch/middleware/show_exceptions.rb:56:in `call'
  railties (3.2.19) lib/rails/rack/logger.rb:32:in `call_app'
  railties (3.2.19) lib/rails/rack/logger.rb:16:in `block in call'
  activesupport (3.2.19) lib/active_support/tagged_logging.rb:22:in `tagged'
  railties (3.2.19) lib/rails/rack/logger.rb:16:in `call'
  actionpack (3.2.19) lib/action_dispatch/middleware/request_id.rb:22:in `call'
  rack (1.4.5) lib/rack/methodoverride.rb:21:in `call'
  rack (1.4.5) lib/rack/runtime.rb:17:in `call'
  activesupport (3.2.19) lib/active_support/cache/strategy/local_cache.rb:72:in `call'
  rack (1.4.5) lib/rack/lock.rb:15:in `call'
  actionpack (3.2.19) lib/action_dispatch/middleware/static.rb:63:in `call'
  railties (3.2.19) lib/rails/engine.rb:484:in `call'
  railties (3.2.19) lib/rails/application.rb:231:in `call'
  rack (1.4.5) lib/rack/content_length.rb:14:in `call'
  railties (3.2.19) lib/rails/rack/log_tailer.rb:17:in `call'
  rack (1.4.5) lib/rack/handler/webrick.rb:59:in `service'
  C:/RailsInstaller/Ruby1.9.3/lib/ruby/1.9.1/webrick/httpserver.rb:138:in `service'
  C:/RailsInstaller/Ruby1.9.3/lib/ruby/1.9.1/webrick/httpserver.rb:94:in `run'
  C:/RailsInstaller/Ruby1.9.3/lib/ruby/1.9.1/webrick/server.rb:191:in `block in start_thread'


  Rendered C:/RailsInstaller/Ruby1.9.3/lib/ruby/gems/1.9.1/gems/actionpack-3.2.19/lib/action_dispatch/middleware/templates/rescues/missing_template.erb within rescues/layout (0.0ms)


Started GET "/articles/1" for 127.0.0.1 at 2014-10-23 18:09:22 +0530
Processing by ArticlesController#show as HTML
  Parameters: {"id"=>"1"}
Completed 500 Internal Server Error in 1.0ms

ActionView::MissingTemplate (Missing template articles/show, application/show with {:locale=>[:en], :formats=>[:html], :handlers=>[:erb, :builder, :coffee]}. Searched in:
  * "C:/myRuby/blogger/app/views"
):
  actionpack (3.2.19) lib/action_view/path_set.rb:58:in `find'
  actionpack (3.2.19) lib/action_view/lookup_context.rb:122:in `find'
  C:in `find_template'
  actionpack (3.2.19) lib/action_view/renderer/template_renderer.rb:34:in `determine_template'
  actionpack (3.2.19) lib/action_view/renderer/template_renderer.rb:10:in `render'
  actionpack (3.2.19) lib/action_view/renderer/renderer.rb:36:in `render_template'
  actionpack (3.2.19) lib/action_view/renderer/renderer.rb:17:in `render'
  actionpack (3.2.19) lib/abstract_controller/rendering.rb:110:in `_render_template'
  actionpack (3.2.19) lib/action_controller/metal/streaming.rb:225:in `_render_template'
  actionpack (3.2.19) lib/abstract_controller/rendering.rb:103:in `render_to_body'
  actionpack (3.2.19) lib/action_controller/metal/renderers.rb:28:in `render_to_body'
  actionpack (3.2.19) lib/action_controller/metal/compatibility.rb:50:in `render_to_body'
  actionpack (3.2.19) lib/abstract_controller/rendering.rb:88:in `render'
  actionpack (3.2.19) lib/action_controller/metal/rendering.rb:16:in `render'
  actionpack (3.2.19) lib/action_controller/metal/instrumentation.rb:40:in `block (2 levels) in render'
  activesupport (3.2.19) lib/active_support/core_ext/benchmark.rb:5:in `block in ms'
  C:/RailsInstaller/Ruby1.9.3/lib/ruby/1.9.1/benchmark.rb:295:in `realtime'
  activesupport (3.2.19) lib/active_support/core_ext/benchmark.rb:5:in `ms'
  actionpack (3.2.19) lib/action_controller/metal/instrumentation.rb:40:in `block in render'
  actionpack (3.2.19) lib/action_controller/metal/instrumentation.rb:83:in `cleanup_view_runtime'
  activerecord (3.2.19) lib/active_record/railties/controller_runtime.rb:24:in `cleanup_view_runtime'
  actionpack (3.2.19) lib/action_controller/metal/instrumentation.rb:39:in `render'
  actionpack (3.2.19) lib/action_controller/metal/implicit_render.rb:10:in `default_render'
  actionpack (3.2.19) lib/action_controller/metal/implicit_render.rb:5:in `send_action'
  actionpack (3.2.19) lib/abstract_controller/base.rb:167:in `process_action'
  actionpack (3.2.19) lib/action_controller/metal/rendering.rb:10:in `process_action'
  actionpack (3.2.19) lib/abstract_controller/callbacks.rb:18:in `block in process_action'
  activesupport (3.2.19) lib/active_support/callbacks.rb:414:in `_run__280541807__process_action__636140290__callbacks'
  activesupport (3.2.19) lib/active_support/callbacks.rb:405:in `__run_callback'
  activesupport (3.2.19) lib/active_support/callbacks.rb:385:in `_run_process_action_callbacks'
  activesupport (3.2.19) lib/active_support/callbacks.rb:81:in `run_callbacks'
  actionpack (3.2.19) lib/abstract_controller/callbacks.rb:17:in `process_action'
  actionpack (3.2.19) lib/action_controller/metal/rescue.rb:29:in `process_action'
  actionpack (3.2.19) lib/action_controller/metal/instrumentation.rb:30:in `block in process_action'
  activesupport (3.2.19) lib/active_support/notifications.rb:123:in `block in instrument'
  activesupport (3.2.19) lib/active_support/notifications/instrumenter.rb:20:in `instrument'
  activesupport (3.2.19) lib/active_support/notifications.rb:123:in `instrument'
  actionpack (3.2.19) lib/action_controller/metal/instrumentation.rb:29:in `process_action'
  actionpack (3.2.19) lib/action_controller/metal/params_wrapper.rb:207:in `process_action'
  activerecord (3.2.19) lib/active_record/railties/controller_runtime.rb:18:in `process_action'
  actionpack (3.2.19) lib/abstract_controller/base.rb:121:in `process'
  actionpack (3.2.19) lib/abstract_controller/rendering.rb:45:in `process'
  actionpack (3.2.19) lib/action_controller/metal.rb:203:in `dispatch'
  actionpack (3.2.19) lib/action_controller/metal/rack_delegation.rb:14:in `dispatch'
  actionpack (3.2.19) lib/action_controller/metal.rb:246:in `block in action'
  actionpack (3.2.19) lib/action_dispatch/routing/route_set.rb:73:in `call'
  actionpack (3.2.19) lib/action_dispatch/routing/route_set.rb:73:in `dispatch'
  actionpack (3.2.19) lib/action_dispatch/routing/route_set.rb:36:in `call'
  journey (1.0.4) lib/journey/router.rb:68:in `block in call'
  journey (1.0.4) lib/journey/router.rb:56:in `each'
  journey (1.0.4) lib/journey/router.rb:56:in `call'
  actionpack (3.2.19) lib/action_dispatch/routing/route_set.rb:608:in `call'
  actionpack (3.2.19) lib/action_dispatch/middleware/best_standards_support.rb:17:in `call'
  rack (1.4.5) lib/rack/etag.rb:23:in `call'
  rack (1.4.5) lib/rack/conditionalget.rb:25:in `call'
  actionpack (3.2.19) lib/action_dispatch/middleware/head.rb:14:in `call'
  actionpack (3.2.19) lib/action_dispatch/middleware/params_parser.rb:21:in `call'
  actionpack (3.2.19) lib/action_dispatch/middleware/flash.rb:242:in `call'
  rack (1.4.5) lib/rack/session/abstract/id.rb:210:in `context'
  rack (1.4.5) lib/rack/session/abstract/id.rb:205:in `call'
  actionpack (3.2.19) lib/action_dispatch/middleware/cookies.rb:341:in `call'
  activerecord (3.2.19) lib/active_record/query_cache.rb:64:in `call'
  activerecord (3.2.19) lib/active_record/connection_adapters/abstract/connection_pool.rb:479:in `call'
  actionpack (3.2.19) lib/action_dispatch/middleware/callbacks.rb:28:in `block in call'
  activesupport (3.2.19) lib/active_support/callbacks.rb:405:in `_run__136067030__call__1020680333__callbacks'
  activesupport (3.2.19) lib/active_support/callbacks.rb:405:in `__run_callback'
  activesupport (3.2.19) lib/active_support/callbacks.rb:385:in `_run_call_callbacks'
  activesupport (3.2.19) lib/active_support/callbacks.rb:81:in `run_callbacks'
  actionpack (3.2.19) lib/action_dispatch/middleware/callbacks.rb:27:in `call'
  actionpack (3.2.19) lib/action_dispatch/middleware/reloader.rb:65:in `call'
  actionpack (3.2.19) lib/action_dispatch/middleware/remote_ip.rb:31:in `call'
  actionpack (3.2.19) lib/action_dispatch/middleware/debug_exceptions.rb:16:in `call'
  actionpack (3.2.19) lib/action_dispatch/middleware/show_exceptions.rb:56:in `call'
  railties (3.2.19) lib/rails/rack/logger.rb:32:in `call_app'
  railties (3.2.19) lib/rails/rack/logger.rb:16:in `block in call'
  activesupport (3.2.19) lib/active_support/tagged_logging.rb:22:in `tagged'
  railties (3.2.19) lib/rails/rack/logger.rb:16:in `call'
  actionpack (3.2.19) lib/action_dispatch/middleware/request_id.rb:22:in `call'
  rack (1.4.5) lib/rack/methodoverride.rb:21:in `call'
  rack (1.4.5) lib/rack/runtime.rb:17:in `call'
  activesupport (3.2.19) lib/active_support/cache/strategy/local_cache.rb:72:in `call'
  rack (1.4.5) lib/rack/lock.rb:15:in `call'
  actionpack (3.2.19) lib/action_dispatch/middleware/static.rb:63:in `call'
  railties (3.2.19) lib/rails/engine.rb:484:in `call'
  railties (3.2.19) lib/rails/application.rb:231:in `call'
  rack (1.4.5) lib/rack/content_length.rb:14:in `call'
  railties (3.2.19) lib/rails/rack/log_tailer.rb:17:in `call'
  rack (1.4.5) lib/rack/handler/webrick.rb:59:in `service'
  C:/RailsInstaller/Ruby1.9.3/lib/ruby/1.9.1/webrick/httpserver.rb:138:in `service'
  C:/RailsInstaller/Ruby1.9.3/lib/ruby/1.9.1/webrick/httpserver.rb:94:in `run'
  C:/RailsInstaller/Ruby1.9.3/lib/ruby/1.9.1/webrick/server.rb:191:in `block in start_thread'


  Rendered C:/RailsInstaller/Ruby1.9.3/lib/ruby/gems/1.9.1/gems/actionpack-3.2.19/lib/action_dispatch/middleware/templates/rescues/missing_template.erb within rescues/layout (0.0ms)


Started GET "/articles/1" for 127.0.0.1 at 2014-10-23 18:12:38 +0530
Processing by ArticlesController#show as HTML
  Parameters: {"id"=>"1"}
  [1m[35mArticle Load (1.0ms)[0m  SELECT "articles".* FROM "articles" WHERE "articles"."id" = ? LIMIT 1  [["id", "1"]]
  Rendered articles/show.html.erb within layouts/application (16.0ms)
Completed 500 Internal Server Error in 26.0ms

ActionView::Template::Error (undefined method `title' for nil:NilClass):
    1: <h1><%= @article.title %></h1>
    2: <p><%= @article.body %></p>
    3: <%= link_to "<< Back to Articles List", articles_path %>
  app/views/articles/show.html.erb:1:in `_app_views_articles_show_html_erb__686666910_39071376'


  Rendered C:/RailsInstaller/Ruby1.9.3/lib/ruby/gems/1.9.1/gems/actionpack-3.2.19/lib/action_dispatch/middleware/templates/rescues/_trace.erb (2.0ms)
  Rendered C:/RailsInstaller/Ruby1.9.3/lib/ruby/gems/1.9.1/gems/actionpack-3.2.19/lib/action_dispatch/middleware/templates/rescues/_request_and_response.erb (1.0ms)
  Rendered C:/RailsInstaller/Ruby1.9.3/lib/ruby/gems/1.9.1/gems/actionpack-3.2.19/lib/action_dispatch/middleware/templates/rescues/template_error.erb within rescues/layout (17.0ms)


Started GET "/articles/1" for 127.0.0.1 at 2014-10-23 18:12:44 +0530
Processing by ArticlesController#show as HTML
  Parameters: {"id"=>"1"}
  [1m[36mArticle Load (0.0ms)[0m  [1mSELECT "articles".* FROM "articles" WHERE "articles"."id" = ? LIMIT 1[0m  [["id", "1"]]
  Rendered articles/show.html.erb within layouts/application (2.0ms)
Completed 500 Internal Server Error in 7.0ms

ActionView::Template::Error (undefined method `title' for nil:NilClass):
    1: <h1><%= @article.title %></h1>
    2: <p><%= @article.body %></p>
    3: <%= link_to "<< Back to Articles List", articles_path %>
  app/views/articles/show.html.erb:1:in `_app_views_articles_show_html_erb__686666910_39071376'


  Rendered C:/RailsInstaller/Ruby1.9.3/lib/ruby/gems/1.9.1/gems/actionpack-3.2.19/lib/action_dispatch/middleware/templates/rescues/_trace.erb (1.0ms)
  Rendered C:/RailsInstaller/Ruby1.9.3/lib/ruby/gems/1.9.1/gems/actionpack-3.2.19/lib/action_dispatch/middleware/templates/rescues/_request_and_response.erb (1.0ms)
  Rendered C:/RailsInstaller/Ruby1.9.3/lib/ruby/gems/1.9.1/gems/actionpack-3.2.19/lib/action_dispatch/middleware/templates/rescues/template_error.erb within rescues/layout (14.0ms)


Started GET "/articles/1" for 127.0.0.1 at 2014-10-23 18:13:06 +0530
Processing by ArticlesController#show as HTML
  Parameters: {"id"=>"1"}
  [1m[35mArticle Load (0.0ms)[0m  SELECT "articles".* FROM "articles" WHERE "articles"."id" = ? LIMIT 1  [["id", "1"]]
  Rendered articles/show.html.erb within layouts/application (0.0ms)
Completed 200 OK in 9.0ms (Views: 7.0ms | ActiveRecord: 0.0ms)


Started GET "/assets/application.css?body=1" for 127.0.0.1 at 2014-10-23 18:13:06 +0530
Served asset /application.css - 200 OK (0ms)


Started GET "/assets/jquery_ujs.js?body=1" for 127.0.0.1 at 2014-10-23 18:13:06 +0530
Served asset /jquery_ujs.js - 200 OK (0ms)


Started GET "/assets/jquery.js?body=1" for 127.0.0.1 at 2014-10-23 18:13:06 +0530
Served asset /jquery.js - 200 OK (0ms)


Started GET "/assets/articles.js?body=1" for 127.0.0.1 at 2014-10-23 18:13:06 +0530
Served asset /articles.js - 304 Not Modified (0ms)


Started GET "/assets/articles.css?body=1" for 127.0.0.1 at 2014-10-23 18:13:06 +0530
Served asset /articles.css - 200 OK (1ms)


Started GET "/assets/application.js?body=1" for 127.0.0.1 at 2014-10-23 18:13:06 +0530
Served asset /application.js - 304 Not Modified (0ms)


Started GET "/articles" for 127.0.0.1 at 2014-10-23 18:48:48 +0530
Processing by ArticlesController#index as HTML
  [1m[36mArticle Load (0.0ms)[0m  [1mSELECT "articles".* FROM "articles" [0m
  Rendered articles/index.html.erb within layouts/application (1.0ms)
Completed 200 OK in 10.0ms (Views: 8.0ms | ActiveRecord: 0.0ms)


Started GET "/assets/application.css?body=1" for 127.0.0.1 at 2014-10-23 18:48:48 +0530
Served asset /application.css - 200 OK (0ms)


Started GET "/assets/jquery.js?body=1" for 127.0.0.1 at 2014-10-23 18:48:48 +0530
Served asset /jquery.js - 200 OK (0ms)


Started GET "/assets/jquery_ujs.js?body=1" for 127.0.0.1 at 2014-10-23 18:48:48 +0530
Served asset /jquery_ujs.js - 200 OK (0ms)


Started GET "/assets/articles.css?body=1" for 127.0.0.1 at 2014-10-23 18:48:48 +0530
Served asset /articles.css - 200 OK (0ms)


Started GET "/assets/articles.js?body=1" for 127.0.0.1 at 2014-10-23 18:48:48 +0530
Served asset /articles.js - 200 OK (0ms)


Started GET "/assets/application.js?body=1" for 127.0.0.1 at 2014-10-23 18:48:48 +0530
Served asset /application.js - 200 OK (0ms)


Started GET "/articles" for 127.0.0.1 at 2014-10-23 18:50:27 +0530
Processing by ArticlesController#index as HTML
  [1m[35mArticle Load (0.0ms)[0m  SELECT "articles".* FROM "articles" 
  Rendered articles/index.html.erb within layouts/application (1.0ms)
Compiled screen.css  (0ms)  (pid 5304)
Compiled application.css  (29ms)  (pid 5304)
Completed 200 OK in 99.0ms (Views: 98.0ms | ActiveRecord: 0.0ms)


Started GET "/assets/screen.css?body=1" for 127.0.0.1 at 2014-10-23 18:50:27 +0530
Served asset /screen.css - 200 OK (3ms)


Started GET "/assets/application.css?body=1" for 127.0.0.1 at 2014-10-23 18:50:27 +0530
Served asset /application.css - 304 Not Modified (10ms)


Started GET "/assets/articles.css?body=1" for 127.0.0.1 at 2014-10-23 18:50:27 +0530
Served asset /articles.css - 304 Not Modified (0ms)


Started GET "/assets/jquery.js?body=1" for 127.0.0.1 at 2014-10-23 18:50:27 +0530
Served asset /jquery.js - 304 Not Modified (0ms)


Started GET "/assets/application.js?body=1" for 127.0.0.1 at 2014-10-23 18:50:27 +0530
Served asset /application.js - 304 Not Modified (0ms)


Started GET "/assets/jquery_ujs.js?body=1" for 127.0.0.1 at 2014-10-23 18:50:27 +0530
Served asset /jquery_ujs.js - 304 Not Modified (0ms)


Started GET "/assets/articles.js?body=1" for 127.0.0.1 at 2014-10-23 18:50:27 +0530
Served asset /articles.js - 304 Not Modified (0ms)


Started GET "/articles/1" for 127.0.0.1 at 2014-10-23 18:50:42 +0530
Processing by ArticlesController#show as HTML
  Parameters: {"id"=>"1"}
  [1m[36mArticle Load (0.0ms)[0m  [1mSELECT "articles".* FROM "articles" WHERE "articles"."id" = ? LIMIT 1[0m  [["id", "1"]]
  Rendered articles/show.html.erb within layouts/application (1.0ms)
Completed 200 OK in 12.0ms (Views: 11.0ms | ActiveRecord: 0.0ms)


Started GET "/assets/application.css?body=1" for 127.0.0.1 at 2014-10-23 18:50:42 +0530
Served asset /application.css - 200 OK (0ms)


Started GET "/assets/screen.css?body=1" for 127.0.0.1 at 2014-10-23 18:50:42 +0530
Served asset /screen.css - 304 Not Modified (0ms)


Started GET "/assets/articles.css?body=1" for 127.0.0.1 at 2014-10-23 18:50:42 +0530
Served asset /articles.css - 200 OK (0ms)


Started GET "/assets/jquery.js?body=1" for 127.0.0.1 at 2014-10-23 18:50:42 +0530
Served asset /jquery.js - 200 OK (0ms)


Started GET "/assets/jquery_ujs.js?body=1" for 127.0.0.1 at 2014-10-23 18:50:42 +0530
Served asset /jquery_ujs.js - 200 OK (0ms)


Started GET "/assets/articles.js?body=1" for 127.0.0.1 at 2014-10-23 18:50:42 +0530
Served asset /articles.js - 200 OK (0ms)


Started GET "/assets/application.js?body=1" for 127.0.0.1 at 2014-10-23 18:50:42 +0530
Served asset /application.js - 200 OK (0ms)


Started GET "/articles" for 127.0.0.1 at 2014-10-23 18:50:43 +0530
Processing by ArticlesController#index as HTML
  [1m[35mArticle Load (0.0ms)[0m  SELECT "articles".* FROM "articles" 
  Rendered articles/index.html.erb within layouts/application (1.0ms)
Completed 200 OK in 14.0ms (Views: 13.0ms | ActiveRecord: 0.0ms)


Started GET "/assets/screen.css?body=1" for 127.0.0.1 at 2014-10-23 18:50:44 +0530
Served asset /screen.css - 200 OK (0ms)


Started GET "/assets/jquery.js?body=1" for 127.0.0.1 at 2014-10-23 18:50:44 +0530
Served asset /jquery.js - 304 Not Modified (0ms)


Started GET "/assets/application.css?body=1" for 127.0.0.1 at 2014-10-23 18:50:44 +0530
Served asset /application.css - 304 Not Modified (0ms)


Started GET "/assets/articles.css?body=1" for 127.0.0.1 at 2014-10-23 18:50:44 +0530
Served asset /articles.css - 304 Not Modified (0ms)


Started GET "/assets/jquery_ujs.js?body=1" for 127.0.0.1 at 2014-10-23 18:50:44 +0530
Served asset /jquery_ujs.js - 304 Not Modified (0ms)


Started GET "/assets/articles.js?body=1" for 127.0.0.1 at 2014-10-23 18:50:44 +0530
Served asset /articles.js - 304 Not Modified (0ms)


Started GET "/assets/application.js?body=1" for 127.0.0.1 at 2014-10-23 18:50:44 +0530
Served asset /application.js - 304 Not Modified (0ms)


Started GET "/articles" for 127.0.0.1 at 2014-10-23 19:28:57 +0530
Processing by ArticlesController#index as HTML
  [1m[36mArticle Load (0.0ms)[0m  [1mSELECT "articles".* FROM "articles" [0m
  Rendered articles/index.html.erb within layouts/application (1.0ms)
Completed 200 OK in 131.0ms (Views: 131.0ms | ActiveRecord: 0.0ms)


Started GET "/assets/application.css?body=1" for 127.0.0.1 at 2014-10-23 19:28:57 +0530
Served asset /application.css - 200 OK (0ms)


Started GET "/assets/articles.css?body=1" for 127.0.0.1 at 2014-10-23 19:28:57 +0530
Served asset /articles.css - 200 OK (0ms)


Started GET "/assets/screen.css?body=1" for 127.0.0.1 at 2014-10-23 19:28:57 +0530
Served asset /screen.css - 304 Not Modified (0ms)


Started GET "/assets/jquery.js?body=1" for 127.0.0.1 at 2014-10-23 19:28:57 +0530
Served asset /jquery.js - 200 OK (0ms)


Started GET "/assets/jquery_ujs.js?body=1" for 127.0.0.1 at 2014-10-23 19:28:57 +0530
Served asset /jquery_ujs.js - 200 OK (0ms)


Started GET "/assets/articles.js?body=1" for 127.0.0.1 at 2014-10-23 19:28:58 +0530
Served asset /articles.js - 200 OK (0ms)


Started GET "/assets/application.js?body=1" for 127.0.0.1 at 2014-10-23 19:28:58 +0530
Served asset /application.js - 200 OK (0ms)
